Analysis & Synthesis report for human_detector
Sat Feb 25 13:50:29 2017
Quartus II 64-Bit Version 13.0.1 Build 232 06/12/2013 Service Pack 1 SJ Web Edition


---------------------
; Table of Contents ;
---------------------
  1. Legal Notice
  2. Analysis & Synthesis Summary
  3. Analysis & Synthesis Settings
  4. Parallel Compilation
  5. Analysis & Synthesis Source Files Read
  6. Analysis & Synthesis Resource Usage Summary
  7. Analysis & Synthesis Resource Utilization by Entity
  8. General Register Statistics
  9. Multiplexer Restructuring Statistics (Restructuring Performed)
 10. Port Connectivity Checks: "root_sqr:root"
 11. Elapsed Time Per Partition
 12. Analysis & Synthesis Messages
 13. Analysis & Synthesis Suppressed Messages



----------------
; Legal Notice ;
----------------
Copyright (C) 1991-2013 Altera Corporation
Your use of Altera Corporation's design tools, logic functions 
and other software and tools, and its AMPP partner logic 
functions, and any output files from any of the foregoing 
(including device programming or simulation files), and any 
associated documentation or information are expressly subject 
to the terms and conditions of the Altera Program License 
Subscription Agreement, Altera MegaCore Function License 
Agreement, or other applicable license agreement, including, 
without limitation, that your use is for the sole purpose of 
programming logic devices manufactured by Altera and sold by 
Altera or its authorized distributors.  Please refer to the 
applicable agreement for further details.



+--------------------------------------------------------------------------------------+
; Analysis & Synthesis Summary                                                         ;
+------------------------------------+-------------------------------------------------+
; Analysis & Synthesis Status        ; Successful - Sat Feb 25 13:50:29 2017           ;
; Quartus II 64-Bit Version          ; 13.0.1 Build 232 06/12/2013 SP 1 SJ Web Edition ;
; Revision Name                      ; human_detector                                  ;
; Top-level Entity Name              ; isqrt                                           ;
; Family                             ; Cyclone IV GX                                   ;
; Total logic elements               ; 1,538                                           ;
;     Total combinational functions  ; 1,525                                           ;
;     Dedicated logic registers      ; 56                                              ;
; Total registers                    ; 56                                              ;
; Total pins                         ; 32                                              ;
; Total virtual pins                 ; 0                                               ;
; Total memory bits                  ; 0                                               ;
; Embedded Multiplier 9-bit elements ; 0                                               ;
; Total GXB Receiver Channel PCS     ; 0                                               ;
; Total GXB Receiver Channel PMA     ; 0                                               ;
; Total GXB Transmitter Channel PCS  ; 0                                               ;
; Total GXB Transmitter Channel PMA  ; 0                                               ;
; Total PLLs                         ; 0                                               ;
+------------------------------------+-------------------------------------------------+


+----------------------------------------------------------------------------------------------------------------------+
; Analysis & Synthesis Settings                                                                                        ;
+----------------------------------------------------------------------------+--------------------+--------------------+
; Option                                                                     ; Setting            ; Default Value      ;
+----------------------------------------------------------------------------+--------------------+--------------------+
; Device                                                                     ; EP4CGX150DF27C7    ;                    ;
; Top-level entity name                                                      ; isqrt              ; human_detector     ;
; Family name                                                                ; Cyclone IV GX      ; Cyclone IV GX      ;
; Use smart compilation                                                      ; Off                ; Off                ;
; Enable parallel Assembler and TimeQuest Timing Analyzer during compilation ; On                 ; On                 ;
; Enable compact report table                                                ; Off                ; Off                ;
; Restructure Multiplexers                                                   ; Auto               ; Auto               ;
; Create Debugging Nodes for IP Cores                                        ; Off                ; Off                ;
; Preserve fewer node names                                                  ; On                 ; On                 ;
; Disable OpenCore Plus hardware evaluation                                  ; Off                ; Off                ;
; Verilog Version                                                            ; Verilog_2001       ; Verilog_2001       ;
; VHDL Version                                                               ; VHDL_1993          ; VHDL_1993          ;
; State Machine Processing                                                   ; Auto               ; Auto               ;
; Safe State Machine                                                         ; Off                ; Off                ;
; Extract Verilog State Machines                                             ; On                 ; On                 ;
; Extract VHDL State Machines                                                ; On                 ; On                 ;
; Ignore Verilog initial constructs                                          ; Off                ; Off                ;
; Iteration limit for constant Verilog loops                                 ; 5000               ; 5000               ;
; Iteration limit for non-constant Verilog loops                             ; 250                ; 250                ;
; Add Pass-Through Logic to Inferred RAMs                                    ; On                 ; On                 ;
; Infer RAMs from Raw Logic                                                  ; On                 ; On                 ;
; Parallel Synthesis                                                         ; On                 ; On                 ;
; DSP Block Balancing                                                        ; Auto               ; Auto               ;
; NOT Gate Push-Back                                                         ; On                 ; On                 ;
; Power-Up Don't Care                                                        ; On                 ; On                 ;
; Remove Redundant Logic Cells                                               ; Off                ; Off                ;
; Remove Duplicate Registers                                                 ; On                 ; On                 ;
; Ignore CARRY Buffers                                                       ; Off                ; Off                ;
; Ignore CASCADE Buffers                                                     ; Off                ; Off                ;
; Ignore GLOBAL Buffers                                                      ; Off                ; Off                ;
; Ignore ROW GLOBAL Buffers                                                  ; Off                ; Off                ;
; Ignore LCELL Buffers                                                       ; Off                ; Off                ;
; Ignore SOFT Buffers                                                        ; On                 ; On                 ;
; Limit AHDL Integers to 32 Bits                                             ; Off                ; Off                ;
; Optimization Technique                                                     ; Balanced           ; Balanced           ;
; Carry Chain Length                                                         ; 70                 ; 70                 ;
; Auto Carry Chains                                                          ; On                 ; On                 ;
; Auto Open-Drain Pins                                                       ; On                 ; On                 ;
; Perform WYSIWYG Primitive Resynthesis                                      ; Off                ; Off                ;
; Auto ROM Replacement                                                       ; On                 ; On                 ;
; Auto RAM Replacement                                                       ; On                 ; On                 ;
; Auto DSP Block Replacement                                                 ; On                 ; On                 ;
; Auto Shift Register Replacement                                            ; Auto               ; Auto               ;
; Allow Shift Register Merging across Hierarchies                            ; Auto               ; Auto               ;
; Auto Clock Enable Replacement                                              ; On                 ; On                 ;
; Strict RAM Replacement                                                     ; Off                ; Off                ;
; Allow Synchronous Control Signals                                          ; On                 ; On                 ;
; Force Use of Synchronous Clear Signals                                     ; Off                ; Off                ;
; Auto RAM Block Balancing                                                   ; On                 ; On                 ;
; Auto RAM to Logic Cell Conversion                                          ; Off                ; Off                ;
; Auto Resource Sharing                                                      ; Off                ; Off                ;
; Allow Any RAM Size For Recognition                                         ; Off                ; Off                ;
; Allow Any ROM Size For Recognition                                         ; Off                ; Off                ;
; Allow Any Shift Register Size For Recognition                              ; Off                ; Off                ;
; Use LogicLock Constraints during Resource Balancing                        ; On                 ; On                 ;
; Ignore translate_off and synthesis_off directives                          ; Off                ; Off                ;
; Timing-Driven Synthesis                                                    ; On                 ; On                 ;
; Report Parameter Settings                                                  ; On                 ; On                 ;
; Report Source Assignments                                                  ; On                 ; On                 ;
; Report Connectivity Checks                                                 ; On                 ; On                 ;
; Ignore Maximum Fan-Out Assignments                                         ; Off                ; Off                ;
; Synchronization Register Chain Length                                      ; 2                  ; 2                  ;
; PowerPlay Power Optimization                                               ; Normal compilation ; Normal compilation ;
; HDL message level                                                          ; Level2             ; Level2             ;
; Suppress Register Optimization Related Messages                            ; Off                ; Off                ;
; Number of Removed Registers Reported in Synthesis Report                   ; 5000               ; 5000               ;
; Number of Swept Nodes Reported in Synthesis Report                         ; 5000               ; 5000               ;
; Number of Inverted Registers Reported in Synthesis Report                  ; 100                ; 100                ;
; Clock MUX Protection                                                       ; On                 ; On                 ;
; Auto Gated Clock Conversion                                                ; Off                ; Off                ;
; Block Design Naming                                                        ; Auto               ; Auto               ;
; SDC constraint protection                                                  ; Off                ; Off                ;
; Synthesis Effort                                                           ; Auto               ; Auto               ;
; Shift Register Replacement - Allow Asynchronous Clear Signal               ; On                 ; On                 ;
; Pre-Mapping Resynthesis Optimization                                       ; Off                ; Off                ;
; Analysis & Synthesis Message Level                                         ; Medium             ; Medium             ;
; Disable Register Merging Across Hierarchies                                ; Auto               ; Auto               ;
; Resource Aware Inference For Block RAM                                     ; On                 ; On                 ;
; Synthesis Seed                                                             ; 1                  ; 1                  ;
+----------------------------------------------------------------------------+--------------------+--------------------+


Parallel compilation was disabled, but you have multiple processors available. Enable parallel compilation to reduce compilation time.
+-------------------------------------+
; Parallel Compilation                ;
+----------------------------+--------+
; Processors                 ; Number ;
+----------------------------+--------+
; Number detected on machine ; 8      ;
; Maximum allowed            ; 1      ;
+----------------------------+--------+


+--------------------------------------------------------------------------------------------------------------------------------------------------------------------+
; Analysis & Synthesis Source Files Read                                                                                                                             ;
+----------------------------------+-----------------+------------------------+----------------------------------------------------------------------------+---------+
; File Name with User-Entered Path ; Used in Netlist ; File Type              ; File Name with Absolute Path                                               ; Library ;
+----------------------------------+-----------------+------------------------+----------------------------------------------------------------------------+---------+
; sqr.v                            ; yes             ; User Verilog HDL File  ; C:/Users/X450JB/Desktop/VLSI/VLSI/LSI-Contest/RTL/block_diagram/sqr.v      ;         ;
; root_sqr.v                       ; yes             ; User Verilog HDL File  ; C:/Users/X450JB/Desktop/VLSI/VLSI/LSI-Contest/RTL/block_diagram/root_sqr.v ;         ;
; isqrt.v                          ; yes             ; User Verilog HDL File  ; C:/Users/X450JB/Desktop/VLSI/VLSI/LSI-Contest/RTL/block_diagram/isqrt.v    ;         ;
+----------------------------------+-----------------+------------------------+----------------------------------------------------------------------------+---------+


+-------------------------------------------------------+
; Analysis & Synthesis Resource Usage Summary           ;
+--------------------------+----------------------------+
; Resource                 ; Usage                      ;
+--------------------------+----------------------------+
; I/O pins                 ; 32                         ;
; DSP block 9-bit elements ; 0                          ;
; Maximum fan-out node     ; root_sqr:root|LessThan9~33 ;
; Maximum fan-out          ; 59                         ;
; Total fan-out            ; 5131                       ;
; Average fan-out          ; 3.12                       ;
+--------------------------+----------------------------+


+------------------------------------------------------------------------------------------------------------------------------------------------------------------------------------------+
; Analysis & Synthesis Resource Utilization by Entity                                                                                                                                      ;
+----------------------------+-------------------+--------------+-------------+--------------+---------+-----------+-----------+------+--------------+----------------------+--------------+
; Compilation Hierarchy Node ; LC Combinationals ; LC Registers ; Memory Bits ; DSP Elements ; DSP 9x9 ; DSP 18x18 ; DSP 36x36 ; Pins ; Virtual Pins ; Full Hierarchy Name  ; Library Name ;
+----------------------------+-------------------+--------------+-------------+--------------+---------+-----------+-----------+------+--------------+----------------------+--------------+
; |isqrt                     ; 1525 (0)          ; 56 (11)      ; 0           ; 0            ; 0       ; 0         ; 0         ; 32   ; 0            ; |isqrt               ; work         ;
;    |root_sqr:root|         ; 1027 (1027)       ; 11 (11)      ; 0           ; 0            ; 0       ; 0         ; 0         ; 0    ; 0            ; |isqrt|root_sqr:root ; work         ;
;    |sqr:sqrx|              ; 249 (249)         ; 17 (17)      ; 0           ; 0            ; 0       ; 0         ; 0         ; 0    ; 0            ; |isqrt|sqr:sqrx      ; work         ;
;    |sqr:sqry|              ; 249 (249)         ; 17 (17)      ; 0           ; 0            ; 0       ; 0         ; 0         ; 0    ; 0            ; |isqrt|sqr:sqry      ; work         ;
+----------------------------+-------------------+--------------+-------------+--------------+---------+-----------+-----------+------+--------------+----------------------+--------------+
Note: For table entries with two numbers listed, the numbers in parentheses indicate the number of resources of the given type used by the specific entity alone. The numbers listed outside of parentheses indicate the total resources of the given type used by the specific entity and all of its sub-entities in the hierarchy.


+------------------------------------------------------+
; General Register Statistics                          ;
+----------------------------------------------+-------+
; Statistic                                    ; Value ;
+----------------------------------------------+-------+
; Total registers                              ; 56    ;
; Number of registers using Synchronous Clear  ; 0     ;
; Number of registers using Synchronous Load   ; 35    ;
; Number of registers using Asynchronous Clear ; 0     ;
; Number of registers using Asynchronous Load  ; 0     ;
; Number of registers using Clock Enable       ; 0     ;
; Number of registers using Preset             ; 0     ;
+----------------------------------------------+-------+


+-------------------------------------------------------------------------------------------------------------------------------------------------+
; Multiplexer Restructuring Statistics (Restructuring Performed)                                                                                  ;
+--------------------+-----------+---------------+----------------------+------------------------+------------+-----------------------------------+
; Multiplexer Inputs ; Bus Width ; Baseline Area ; Area if Restructured ; Saving if Restructured ; Registered ; Example Multiplexer Output        ;
+--------------------+-----------+---------------+----------------------+------------------------+------------+-----------------------------------+
; 3:1                ; 10 bits   ; 20 LEs        ; 20 LEs               ; 0 LEs                  ; Yes        ; |isqrt|root_sqr:root|magnitude[1] ;
; 11:1               ; 2 bits    ; 14 LEs        ; 12 LEs               ; 2 LEs                  ; Yes        ; |isqrt|sqr:sqry|sum[11]           ;
; 11:1               ; 2 bits    ; 14 LEs        ; 12 LEs               ; 2 LEs                  ; Yes        ; |isqrt|sqr:sqrx|sum[10]           ;
; 3:1                ; 17 bits   ; 34 LEs        ; 17 LEs               ; 17 LEs                 ; No         ; |isqrt|root_sqr:root|m            ;
; 3:1                ; 8 bits    ; 16 LEs        ; 8 LEs                ; 8 LEs                  ; No         ; |isqrt|root_sqr:root|bit          ;
; 3:1                ; 15 bits   ; 30 LEs        ; 30 LEs               ; 0 LEs                  ; No         ; |isqrt|root_sqr:root|res          ;
; 3:1                ; 17 bits   ; 34 LEs        ; 17 LEs               ; 17 LEs                 ; No         ; |isqrt|root_sqr:root|m            ;
; 3:1                ; 8 bits    ; 16 LEs        ; 8 LEs                ; 8 LEs                  ; No         ; |isqrt|root_sqr:root|bit          ;
; 3:1                ; 15 bits   ; 30 LEs        ; 30 LEs               ; 0 LEs                  ; No         ; |isqrt|root_sqr:root|res          ;
; 3:1                ; 17 bits   ; 34 LEs        ; 17 LEs               ; 17 LEs                 ; No         ; |isqrt|root_sqr:root|m            ;
; 3:1                ; 8 bits    ; 16 LEs        ; 8 LEs                ; 8 LEs                  ; No         ; |isqrt|root_sqr:root|bit          ;
; 3:1                ; 15 bits   ; 30 LEs        ; 30 LEs               ; 0 LEs                  ; No         ; |isqrt|root_sqr:root|res          ;
; 3:1                ; 17 bits   ; 34 LEs        ; 17 LEs               ; 17 LEs                 ; No         ; |isqrt|root_sqr:root|m            ;
; 3:1                ; 8 bits    ; 16 LEs        ; 8 LEs                ; 8 LEs                  ; No         ; |isqrt|root_sqr:root|bit          ;
; 3:1                ; 15 bits   ; 30 LEs        ; 30 LEs               ; 0 LEs                  ; No         ; |isqrt|root_sqr:root|res          ;
; 3:1                ; 17 bits   ; 34 LEs        ; 17 LEs               ; 17 LEs                 ; No         ; |isqrt|root_sqr:root|m            ;
; 3:1                ; 8 bits    ; 16 LEs        ; 8 LEs                ; 8 LEs                  ; No         ; |isqrt|root_sqr:root|bit          ;
; 3:1                ; 15 bits   ; 30 LEs        ; 30 LEs               ; 0 LEs                  ; No         ; |isqrt|root_sqr:root|res          ;
; 3:1                ; 8 bits    ; 16 LEs        ; 16 LEs               ; 0 LEs                  ; No         ; |isqrt|root_sqr:root|res          ;
; 3:1                ; 7 bits    ; 14 LEs        ; 14 LEs               ; 0 LEs                  ; No         ; |isqrt|root_sqr:root|res          ;
; 3:1                ; 17 bits   ; 34 LEs        ; 17 LEs               ; 17 LEs                 ; No         ; |isqrt|root_sqr:root|m            ;
; 3:1                ; 7 bits    ; 14 LEs        ; 7 LEs                ; 7 LEs                  ; No         ; |isqrt|root_sqr:root|bit          ;
; 3:1                ; 7 bits    ; 14 LEs        ; 7 LEs                ; 7 LEs                  ; No         ; |isqrt|root_sqr:root|res          ;
; 3:1                ; 17 bits   ; 34 LEs        ; 17 LEs               ; 17 LEs                 ; No         ; |isqrt|root_sqr:root|m            ;
; 3:1                ; 7 bits    ; 14 LEs        ; 7 LEs                ; 7 LEs                  ; No         ; |isqrt|root_sqr:root|bit          ;
+--------------------+-----------+---------------+----------------------+------------------------+------------+-----------------------------------+


+---------------------------------------------------------------------------------------------------------------------------------------------------------------------------------------------------------+
; Port Connectivity Checks: "root_sqr:root"                                                                                                                                                               ;
+-----------+--------+----------+-------------------------------------------------------------------------------------------------------------------------------------------------------------------------+
; Port      ; Type   ; Severity ; Details                                                                                                                                                                 ;
+-----------+--------+----------+-------------------------------------------------------------------------------------------------------------------------------------------------------------------------+
; magnitude ; Output ; Warning  ; Output or bidir port (11 bits) is smaller than the port expression (17 bits) it drives.  The 6 most-significant bit(s) in the port expression will be connected to GND. ;
+-----------+--------+----------+-------------------------------------------------------------------------------------------------------------------------------------------------------------------------+


+-------------------------------+
; Elapsed Time Per Partition    ;
+----------------+--------------+
; Partition Name ; Elapsed Time ;
+----------------+--------------+
; Top            ; 00:00:06     ;
+----------------+--------------+


+-------------------------------+
; Analysis & Synthesis Messages ;
+-------------------------------+
Info: *******************************************************************
Info: Running Quartus II 64-Bit Analysis & Synthesis
    Info: Version 13.0.1 Build 232 06/12/2013 Service Pack 1 SJ Web Edition
    Info: Processing started: Sat Feb 25 13:50:22 2017
Info: Command: quartus_map --read_settings_files=on --write_settings_files=off human_detector -c human_detector
Warning (20028): Parallel compilation is not licensed and has been disabled
Info (12021): Found 1 design units, including 1 entities, in source file human_detector.bdf
    Info (12023): Found entity 1: human_detector
Info (12021): Found 1 design units, including 1 entities, in source file gethistogram.v
    Info (12023): Found entity 1: getHistogram
Info (12021): Found 1 design units, including 1 entities, in source file sqr.v
    Info (12023): Found entity 1: sqr
Warning (10463): Verilog HDL Declaration warning at root_sqr.v(10): "bit" is SystemVerilog-2005 keyword
Info (12021): Found 1 design units, including 1 entities, in source file root_sqr.v
    Info (12023): Found entity 1: root_sqr
Info (12021): Found 1 design units, including 1 entities, in source file isqrt.v
    Info (12023): Found entity 1: isqrt
Info (12021): Found 1 design units, including 1 entities, in source file magtan.v
    Info (12023): Found entity 1: magtan
Info (12021): Found 1 design units, including 1 entities, in source file fixedpoint.v
    Info (12023): Found entity 1: fixedpoint
Info (12127): Elaborating entity "isqrt" for the top level hierarchy
Warning (10230): Verilog HDL assignment warning at isqrt.v(33): truncated value with size 17 to match size of target (11)
Info (12128): Elaborating entity "sqr" for hierarchy "sqr:sqrx"
Warning (10240): Verilog HDL Always Construct warning at sqr.v(33): inferring latch(es) for variable "square", which holds its previous value in one or more paths through the always construct
Info (10041): Inferred latch for "square[0]" at sqr.v(33)
Info (10041): Inferred latch for "square[1]" at sqr.v(33)
Info (10041): Inferred latch for "square[2]" at sqr.v(33)
Info (10041): Inferred latch for "square[3]" at sqr.v(33)
Info (10041): Inferred latch for "square[4]" at sqr.v(33)
Info (10041): Inferred latch for "square[5]" at sqr.v(33)
Info (10041): Inferred latch for "square[6]" at sqr.v(33)
Info (10041): Inferred latch for "square[7]" at sqr.v(33)
Info (10041): Inferred latch for "square[8]" at sqr.v(33)
Info (10041): Inferred latch for "square[9]" at sqr.v(33)
Info (10041): Inferred latch for "square[10]" at sqr.v(33)
Info (10041): Inferred latch for "square[11]" at sqr.v(33)
Info (10041): Inferred latch for "square[12]" at sqr.v(33)
Info (10041): Inferred latch for "square[13]" at sqr.v(33)
Info (10041): Inferred latch for "square[14]" at sqr.v(33)
Info (10041): Inferred latch for "square[15]" at sqr.v(33)
Info (10041): Inferred latch for "square[16]" at sqr.v(33)
Info (12128): Elaborating entity "root_sqr" for hierarchy "root_sqr:root"
Warning (10230): Verilog HDL assignment warning at root_sqr.v(17): truncated value with size 32 to match size of target (17)
Warning (10230): Verilog HDL assignment warning at root_sqr.v(42): truncated value with size 17 to match size of target (11)
Warning (14026): LATCH primitive "sqr:sqry|square[15]" is permanently enabled
Warning (14026): LATCH primitive "sqr:sqry|square[14]" is permanently enabled
Warning (14026): LATCH primitive "sqr:sqry|square[13]" is permanently enabled
Warning (14026): LATCH primitive "sqr:sqry|square[12]" is permanently enabled
Warning (14026): LATCH primitive "sqr:sqry|square[11]" is permanently enabled
Warning (14026): LATCH primitive "sqr:sqry|square[10]" is permanently enabled
Warning (14026): LATCH primitive "sqr:sqry|square[9]" is permanently enabled
Warning (14026): LATCH primitive "sqr:sqry|square[8]" is permanently enabled
Warning (14026): LATCH primitive "sqr:sqry|square[7]" is permanently enabled
Warning (14026): LATCH primitive "sqr:sqry|square[6]" is permanently enabled
Warning (14026): LATCH primitive "sqr:sqry|square[5]" is permanently enabled
Warning (14026): LATCH primitive "sqr:sqry|square[4]" is permanently enabled
Warning (14026): LATCH primitive "sqr:sqry|square[3]" is permanently enabled
Warning (14026): LATCH primitive "sqr:sqry|square[2]" is permanently enabled
Warning (14026): LATCH primitive "sqr:sqry|square[1]" is permanently enabled
Warning (14026): LATCH primitive "sqr:sqry|square[0]" is permanently enabled
Warning (14026): LATCH primitive "sqr:sqry|square[16]" is permanently enabled
Warning (14026): LATCH primitive "sqr:sqrx|square[15]" is permanently enabled
Warning (14026): LATCH primitive "sqr:sqrx|square[14]" is permanently enabled
Warning (14026): LATCH primitive "sqr:sqrx|square[13]" is permanently enabled
Warning (14026): LATCH primitive "sqr:sqrx|square[12]" is permanently enabled
Warning (14026): LATCH primitive "sqr:sqrx|square[11]" is permanently enabled
Warning (14026): LATCH primitive "sqr:sqrx|square[10]" is permanently enabled
Warning (14026): LATCH primitive "sqr:sqrx|square[9]" is permanently enabled
Warning (14026): LATCH primitive "sqr:sqrx|square[8]" is permanently enabled
Warning (14026): LATCH primitive "sqr:sqrx|square[7]" is permanently enabled
Warning (14026): LATCH primitive "sqr:sqrx|square[6]" is permanently enabled
Warning (14026): LATCH primitive "sqr:sqrx|square[5]" is permanently enabled
Warning (14026): LATCH primitive "sqr:sqrx|square[4]" is permanently enabled
Warning (14026): LATCH primitive "sqr:sqrx|square[3]" is permanently enabled
Warning (14026): LATCH primitive "sqr:sqrx|square[2]" is permanently enabled
Warning (14026): LATCH primitive "sqr:sqrx|square[1]" is permanently enabled
Warning (14026): LATCH primitive "sqr:sqrx|square[0]" is permanently enabled
Warning (14026): LATCH primitive "sqr:sqrx|square[16]" is permanently enabled
Warning (14026): LATCH primitive "sqr:sqry|square[15]" is permanently enabled
Warning (14026): LATCH primitive "sqr:sqry|square[14]" is permanently enabled
Warning (14026): LATCH primitive "sqr:sqry|square[13]" is permanently enabled
Warning (14026): LATCH primitive "sqr:sqry|square[12]" is permanently enabled
Warning (14026): LATCH primitive "sqr:sqry|square[11]" is permanently enabled
Warning (14026): LATCH primitive "sqr:sqry|square[10]" is permanently enabled
Warning (14026): LATCH primitive "sqr:sqry|square[9]" is permanently enabled
Warning (14026): LATCH primitive "sqr:sqry|square[8]" is permanently enabled
Warning (14026): LATCH primitive "sqr:sqry|square[7]" is permanently enabled
Warning (14026): LATCH primitive "sqr:sqry|square[6]" is permanently enabled
Warning (14026): LATCH primitive "sqr:sqry|square[5]" is permanently enabled
Warning (14026): LATCH primitive "sqr:sqry|square[4]" is permanently enabled
Warning (14026): LATCH primitive "sqr:sqry|square[3]" is permanently enabled
Warning (14026): LATCH primitive "sqr:sqry|square[2]" is permanently enabled
Warning (14026): LATCH primitive "sqr:sqry|square[1]" is permanently enabled
Warning (14026): LATCH primitive "sqr:sqry|square[0]" is permanently enabled
Warning (14026): LATCH primitive "sqr:sqry|square[16]" is permanently enabled
Warning (14026): LATCH primitive "sqr:sqrx|square[15]" is permanently enabled
Warning (14026): LATCH primitive "sqr:sqrx|square[14]" is permanently enabled
Warning (14026): LATCH primitive "sqr:sqrx|square[13]" is permanently enabled
Warning (14026): LATCH primitive "sqr:sqrx|square[12]" is permanently enabled
Warning (14026): LATCH primitive "sqr:sqrx|square[11]" is permanently enabled
Warning (14026): LATCH primitive "sqr:sqrx|square[10]" is permanently enabled
Warning (14026): LATCH primitive "sqr:sqrx|square[9]" is permanently enabled
Warning (14026): LATCH primitive "sqr:sqrx|square[8]" is permanently enabled
Warning (14026): LATCH primitive "sqr:sqrx|square[7]" is permanently enabled
Warning (14026): LATCH primitive "sqr:sqrx|square[6]" is permanently enabled
Warning (14026): LATCH primitive "sqr:sqrx|square[5]" is permanently enabled
Warning (14026): LATCH primitive "sqr:sqrx|square[4]" is permanently enabled
Warning (14026): LATCH primitive "sqr:sqrx|square[3]" is permanently enabled
Warning (14026): LATCH primitive "sqr:sqrx|square[2]" is permanently enabled
Warning (14026): LATCH primitive "sqr:sqrx|square[1]" is permanently enabled
Warning (14026): LATCH primitive "sqr:sqrx|square[0]" is permanently enabled
Warning (14026): LATCH primitive "sqr:sqrx|square[16]" is permanently enabled
Warning (12241): 1 hierarchies have connectivity warnings - see the Connectivity Checks report folder
Info (286030): Timing-Driven Synthesis is running
Info (144001): Generated suppressed messages file C:/Users/X450JB/Desktop/VLSI/VLSI/LSI-Contest/RTL/block_diagram/output_files/human_detector.map.smsg
Info (16010): Generating hard_block partition "hard_block:auto_generated_inst"
    Info (16011): Adding 0 node(s), including 0 DDIO, 0 PLL, 0 transceiver and 0 LCELL
Info (21057): Implemented 1572 device resources after synthesis - the final resource count might be different
    Info (21058): Implemented 21 input pins
    Info (21059): Implemented 11 output pins
    Info (21061): Implemented 1540 logic cells
Info: Quartus II 64-Bit Analysis & Synthesis was successful. 0 errors, 75 warnings
    Info: Peak virtual memory: 525 megabytes
    Info: Processing ended: Sat Feb 25 13:50:29 2017
    Info: Elapsed time: 00:00:07
    Info: Total CPU time (on all processors): 00:00:07


+------------------------------------------+
; Analysis & Synthesis Suppressed Messages ;
+------------------------------------------+
The suppressed messages can be found in C:/Users/X450JB/Desktop/VLSI/VLSI/LSI-Contest/RTL/block_diagram/output_files/human_detector.map.smsg.


