Flow report for DE2_115_NIOS_HOST_MOUSE_VGA
Sun Jan 08 21:40:56 2017
Quartus II 64-Bit Version 13.0.1 Build 232 06/12/2013 Service Pack 1 SJ Web Edition


---------------------
; Table of Contents ;
---------------------
  1. Legal Notice
  2. Flow Summary
  3. Flow Settings
  4. Flow Non-Default Global Settings
  5. Flow Elapsed Time
  6. Flow OS Summary
  7. Flow Log
  8. Flow Messages
  9. Flow Suppressed Messages



----------------
; Legal Notice ;
----------------
Copyright (C) 1991-2013 Altera Corporation
Your use of Altera Corporation's design tools, logic functions 
and other software and tools, and its AMPP partner logic 
functions, and any output files from any of the foregoing 
(including device programming or simulation files), and any 
associated documentation or information are expressly subject 
to the terms and conditions of the Altera Program License 
Subscription Agreement, Altera MegaCore Function License 
Agreement, or other applicable license agreement, including, 
without limitation, that your use is for the sole purpose of 
programming logic devices manufactured by Altera and sold by 
Altera or its authorized distributors.  Please refer to the 
applicable agreement for further details.



+--------------------------------------------------------------------------------------+
; Flow Summary                                                                         ;
+------------------------------------+-------------------------------------------------+
; Flow Status                        ; Successful - Sun Jan 08 21:40:28 2017           ;
; Quartus II 64-Bit Version          ; 13.0.1 Build 232 06/12/2013 SP 1 SJ Web Edition ;
; Revision Name                      ; DE2_115_NIOS_HOST_MOUSE_VGA                     ;
; Top-level Entity Name              ; DE2_115_NIOS_HOST_MOUSE_VGA                     ;
; Family                             ; Cyclone IV E                                    ;
; Device                             ; EP4CE115F29C7                                   ;
; Timing Models                      ; Final                                           ;
; Total logic elements               ; 7,551 / 114,480 ( 7 % )                         ;
;     Total combinational functions  ; 6,518 / 114,480 ( 6 % )                         ;
;     Dedicated logic registers      ; 4,478 / 114,480 ( 4 % )                         ;
; Total registers                    ; 4597                                            ;
; Total pins                         ; 518 / 529 ( 98 % )                              ;
; Total virtual pins                 ; 0                                               ;
; Total memory bits                  ; 2,843,840 / 3,981,312 ( 71 % )                  ;
; Embedded Multiplier 9-bit elements ; 4 / 532 ( < 1 % )                               ;
; Total PLLs                         ; 1 / 4 ( 25 % )                                  ;
+------------------------------------+-------------------------------------------------+


+-------------------------------------------------+
; Flow Settings                                   ;
+-------------------+-----------------------------+
; Option            ; Setting                     ;
+-------------------+-----------------------------+
; Start date & time ; 01/08/2017 21:35:53         ;
; Main task         ; Compilation                 ;
; Revision Name     ; DE2_115_NIOS_HOST_MOUSE_VGA ;
+-------------------+-----------------------------+


+------------------------------------------------------------------------------------------------------------------------------------------------------------------------------+
; Flow Non-Default Global Settings                                                                                                                                             ;
+-------------------------------------+----------------------------------------------------------------+---------------+------------------------------------------+------------+
; Assignment Name                     ; Value                                                          ; Default Value ; Entity Name                              ; Section Id ;
+-------------------------------------+----------------------------------------------------------------+---------------+------------------------------------------+------------+
; COMPILER_SIGNATURE_ID               ; 33474327204715.148388615307376                                 ; --            ; --                                       ; --         ;
; IP_TOOL_ENV                         ; qsys                                                           ; --            ; DE2_115_SOPC                             ; --         ;
; IP_TOOL_ENV                         ; qsys                                                           ; --            ; DE2_115_SOPC_addr_router                 ; --         ;
; IP_TOOL_ENV                         ; qsys                                                           ; --            ; DE2_115_SOPC_addr_router_001             ; --         ;
; IP_TOOL_ENV                         ; qsys                                                           ; --            ; DE2_115_SOPC_addr_router_002             ; --         ;
; IP_TOOL_ENV                         ; qsys                                                           ; --            ; DE2_115_SOPC_cmd_xbar_demux              ; --         ;
; IP_TOOL_ENV                         ; qsys                                                           ; --            ; DE2_115_SOPC_cmd_xbar_demux_001          ; --         ;
; IP_TOOL_ENV                         ; qsys                                                           ; --            ; DE2_115_SOPC_cmd_xbar_demux_002          ; --         ;
; IP_TOOL_ENV                         ; qsys                                                           ; --            ; DE2_115_SOPC_cmd_xbar_mux                ; --         ;
; IP_TOOL_ENV                         ; qsys                                                           ; --            ; DE2_115_SOPC_cpu                         ; --         ;
; IP_TOOL_ENV                         ; qsys                                                           ; --            ; DE2_115_SOPC_id_router                   ; --         ;
; IP_TOOL_ENV                         ; qsys                                                           ; --            ; DE2_115_SOPC_id_router_002               ; --         ;
; IP_TOOL_ENV                         ; qsys                                                           ; --            ; DE2_115_SOPC_id_router_003               ; --         ;
; IP_TOOL_ENV                         ; qsys                                                           ; --            ; DE2_115_SOPC_id_router_010               ; --         ;
; IP_TOOL_ENV                         ; qsys                                                           ; --            ; DE2_115_SOPC_irq_mapper                  ; --         ;
; IP_TOOL_ENV                         ; qsys                                                           ; --            ; DE2_115_SOPC_jtag_uart                   ; --         ;
; IP_TOOL_ENV                         ; qsys                                                           ; --            ; DE2_115_SOPC_key                         ; --         ;
; IP_TOOL_ENV                         ; qsys                                                           ; --            ; DE2_115_SOPC_lcd                         ; --         ;
; IP_TOOL_ENV                         ; qsys                                                           ; --            ; DE2_115_SOPC_ledg                        ; --         ;
; IP_TOOL_ENV                         ; qsys                                                           ; --            ; DE2_115_SOPC_ledr                        ; --         ;
; IP_TOOL_ENV                         ; qsys                                                           ; --            ; DE2_115_SOPC_pll                         ; --         ;
; IP_TOOL_ENV                         ; qsys                                                           ; --            ; DE2_115_SOPC_rsp_xbar_demux              ; --         ;
; IP_TOOL_ENV                         ; qsys                                                           ; --            ; DE2_115_SOPC_rsp_xbar_demux_003          ; --         ;
; IP_TOOL_ENV                         ; qsys                                                           ; --            ; DE2_115_SOPC_rsp_xbar_demux_010          ; --         ;
; IP_TOOL_ENV                         ; qsys                                                           ; --            ; DE2_115_SOPC_rsp_xbar_mux                ; --         ;
; IP_TOOL_ENV                         ; qsys                                                           ; --            ; DE2_115_SOPC_rsp_xbar_mux_001            ; --         ;
; IP_TOOL_ENV                         ; qsys                                                           ; --            ; DE2_115_SOPC_rsp_xbar_mux_002            ; --         ;
; IP_TOOL_ENV                         ; qsys                                                           ; --            ; DE2_115_SOPC_sdram                       ; --         ;
; IP_TOOL_ENV                         ; qsys                                                           ; --            ; DE2_115_SOPC_sma_in                      ; --         ;
; IP_TOOL_ENV                         ; qsys                                                           ; --            ; DE2_115_SOPC_sma_out                     ; --         ;
; IP_TOOL_ENV                         ; qsys                                                           ; --            ; DE2_115_SOPC_sw                          ; --         ;
; IP_TOOL_ENV                         ; qsys                                                           ; --            ; DE2_115_SOPC_sysid                       ; --         ;
; IP_TOOL_ENV                         ; qsys                                                           ; --            ; DE2_115_SOPC_timer                       ; --         ;
; IP_TOOL_ENV                         ; qsys                                                           ; --            ; DE2_115_SOPC_timer_stamp                 ; --         ;
; IP_TOOL_ENV                         ; qsys                                                           ; --            ; altera_avalon_mm_clock_crossing_bridge   ; --         ;
; IP_TOOL_ENV                         ; qsys                                                           ; --            ; altera_avalon_sc_fifo                    ; --         ;
; IP_TOOL_ENV                         ; qsys                                                           ; --            ; altera_avalon_st_handshake_clock_crosser ; --         ;
; IP_TOOL_ENV                         ; qsys                                                           ; --            ; altera_irq_clock_crosser                 ; --         ;
; IP_TOOL_ENV                         ; qsys                                                           ; --            ; altera_merlin_burst_adapter              ; --         ;
; IP_TOOL_ENV                         ; qsys                                                           ; --            ; altera_merlin_master_agent               ; --         ;
; IP_TOOL_ENV                         ; qsys                                                           ; --            ; altera_merlin_master_translator          ; --         ;
; IP_TOOL_ENV                         ; qsys                                                           ; --            ; altera_merlin_slave_agent                ; --         ;
; IP_TOOL_ENV                         ; qsys                                                           ; --            ; altera_merlin_slave_translator           ; --         ;
; IP_TOOL_ENV                         ; qsys                                                           ; --            ; altera_merlin_traffic_limiter            ; --         ;
; IP_TOOL_ENV                         ; qsys                                                           ; --            ; altera_merlin_width_adapter              ; --         ;
; IP_TOOL_ENV                         ; qsys                                                           ; --            ; altera_reset_controller                  ; --         ;
; IP_TOOL_NAME                        ; qsys                                                           ; --            ; DE2_115_SOPC                             ; --         ;
; IP_TOOL_NAME                        ; altera_merlin_router                                           ; --            ; DE2_115_SOPC_addr_router                 ; --         ;
; IP_TOOL_NAME                        ; altera_merlin_router                                           ; --            ; DE2_115_SOPC_addr_router_001             ; --         ;
; IP_TOOL_NAME                        ; altera_merlin_router                                           ; --            ; DE2_115_SOPC_addr_router_002             ; --         ;
; IP_TOOL_NAME                        ; altera_merlin_demultiplexer                                    ; --            ; DE2_115_SOPC_cmd_xbar_demux              ; --         ;
; IP_TOOL_NAME                        ; altera_merlin_demultiplexer                                    ; --            ; DE2_115_SOPC_cmd_xbar_demux_001          ; --         ;
; IP_TOOL_NAME                        ; altera_merlin_demultiplexer                                    ; --            ; DE2_115_SOPC_cmd_xbar_demux_002          ; --         ;
; IP_TOOL_NAME                        ; altera_merlin_multiplexer                                      ; --            ; DE2_115_SOPC_cmd_xbar_mux                ; --         ;
; IP_TOOL_NAME                        ; altera_nios2_qsys                                              ; --            ; DE2_115_SOPC_cpu                         ; --         ;
; IP_TOOL_NAME                        ; altera_merlin_router                                           ; --            ; DE2_115_SOPC_id_router                   ; --         ;
; IP_TOOL_NAME                        ; altera_merlin_router                                           ; --            ; DE2_115_SOPC_id_router_002               ; --         ;
; IP_TOOL_NAME                        ; altera_merlin_router                                           ; --            ; DE2_115_SOPC_id_router_003               ; --         ;
; IP_TOOL_NAME                        ; altera_merlin_router                                           ; --            ; DE2_115_SOPC_id_router_010               ; --         ;
; IP_TOOL_NAME                        ; altera_irq_mapper                                              ; --            ; DE2_115_SOPC_irq_mapper                  ; --         ;
; IP_TOOL_NAME                        ; altera_avalon_jtag_uart                                        ; --            ; DE2_115_SOPC_jtag_uart                   ; --         ;
; IP_TOOL_NAME                        ; altera_avalon_pio                                              ; --            ; DE2_115_SOPC_key                         ; --         ;
; IP_TOOL_NAME                        ; altera_avalon_lcd_16207                                        ; --            ; DE2_115_SOPC_lcd                         ; --         ;
; IP_TOOL_NAME                        ; altera_avalon_pio                                              ; --            ; DE2_115_SOPC_ledg                        ; --         ;
; IP_TOOL_NAME                        ; altera_avalon_pio                                              ; --            ; DE2_115_SOPC_ledr                        ; --         ;
; IP_TOOL_NAME                        ; altpll                                                         ; --            ; DE2_115_SOPC_pll                         ; --         ;
; IP_TOOL_NAME                        ; altera_merlin_demultiplexer                                    ; --            ; DE2_115_SOPC_rsp_xbar_demux              ; --         ;
; IP_TOOL_NAME                        ; altera_merlin_demultiplexer                                    ; --            ; DE2_115_SOPC_rsp_xbar_demux_003          ; --         ;
; IP_TOOL_NAME                        ; altera_merlin_demultiplexer                                    ; --            ; DE2_115_SOPC_rsp_xbar_demux_010          ; --         ;
; IP_TOOL_NAME                        ; altera_merlin_multiplexer                                      ; --            ; DE2_115_SOPC_rsp_xbar_mux                ; --         ;
; IP_TOOL_NAME                        ; altera_merlin_multiplexer                                      ; --            ; DE2_115_SOPC_rsp_xbar_mux_001            ; --         ;
; IP_TOOL_NAME                        ; altera_merlin_multiplexer                                      ; --            ; DE2_115_SOPC_rsp_xbar_mux_002            ; --         ;
; IP_TOOL_NAME                        ; altera_avalon_new_sdram_controller                             ; --            ; DE2_115_SOPC_sdram                       ; --         ;
; IP_TOOL_NAME                        ; altera_avalon_pio                                              ; --            ; DE2_115_SOPC_sma_in                      ; --         ;
; IP_TOOL_NAME                        ; altera_avalon_pio                                              ; --            ; DE2_115_SOPC_sma_out                     ; --         ;
; IP_TOOL_NAME                        ; altera_avalon_pio                                              ; --            ; DE2_115_SOPC_sw                          ; --         ;
; IP_TOOL_NAME                        ; altera_avalon_sysid_qsys                                       ; --            ; DE2_115_SOPC_sysid                       ; --         ;
; IP_TOOL_NAME                        ; altera_avalon_timer                                            ; --            ; DE2_115_SOPC_timer                       ; --         ;
; IP_TOOL_NAME                        ; altera_avalon_timer                                            ; --            ; DE2_115_SOPC_timer_stamp                 ; --         ;
; IP_TOOL_NAME                        ; altera_avalon_mm_clock_crossing_bridge                         ; --            ; altera_avalon_mm_clock_crossing_bridge   ; --         ;
; IP_TOOL_NAME                        ; altera_avalon_sc_fifo                                          ; --            ; altera_avalon_sc_fifo                    ; --         ;
; IP_TOOL_NAME                        ; altera_avalon_st_handshake_clock_crosser                       ; --            ; altera_avalon_st_handshake_clock_crosser ; --         ;
; IP_TOOL_NAME                        ; altera_irq_clock_crosser                                       ; --            ; altera_irq_clock_crosser                 ; --         ;
; IP_TOOL_NAME                        ; altera_merlin_burst_adapter                                    ; --            ; altera_merlin_burst_adapter              ; --         ;
; IP_TOOL_NAME                        ; altera_merlin_master_agent                                     ; --            ; altera_merlin_master_agent               ; --         ;
; IP_TOOL_NAME                        ; altera_merlin_master_translator                                ; --            ; altera_merlin_master_translator          ; --         ;
; IP_TOOL_NAME                        ; altera_merlin_slave_agent                                      ; --            ; altera_merlin_slave_agent                ; --         ;
; IP_TOOL_NAME                        ; altera_merlin_slave_translator                                 ; --            ; altera_merlin_slave_translator           ; --         ;
; IP_TOOL_NAME                        ; altera_merlin_traffic_limiter                                  ; --            ; altera_merlin_traffic_limiter            ; --         ;
; IP_TOOL_NAME                        ; altera_merlin_width_adapter                                    ; --            ; altera_merlin_width_adapter              ; --         ;
; IP_TOOL_NAME                        ; altera_reset_controller                                        ; --            ; altera_reset_controller                  ; --         ;
; IP_TOOL_VERSION                     ; 11.1sp2                                                        ; --            ; DE2_115_SOPC                             ; --         ;
; IP_TOOL_VERSION                     ; 11.1                                                           ; --            ; DE2_115_SOPC_addr_router                 ; --         ;
; IP_TOOL_VERSION                     ; 11.1                                                           ; --            ; DE2_115_SOPC_addr_router_001             ; --         ;
; IP_TOOL_VERSION                     ; 11.1                                                           ; --            ; DE2_115_SOPC_addr_router_002             ; --         ;
; IP_TOOL_VERSION                     ; 11.1                                                           ; --            ; DE2_115_SOPC_cmd_xbar_demux              ; --         ;
; IP_TOOL_VERSION                     ; 11.1                                                           ; --            ; DE2_115_SOPC_cmd_xbar_demux_001          ; --         ;
; IP_TOOL_VERSION                     ; 11.1                                                           ; --            ; DE2_115_SOPC_cmd_xbar_demux_002          ; --         ;
; IP_TOOL_VERSION                     ; 11.1                                                           ; --            ; DE2_115_SOPC_cmd_xbar_mux                ; --         ;
; IP_TOOL_VERSION                     ; 11.1                                                           ; --            ; DE2_115_SOPC_cpu                         ; --         ;
; IP_TOOL_VERSION                     ; 11.1                                                           ; --            ; DE2_115_SOPC_id_router                   ; --         ;
; IP_TOOL_VERSION                     ; 11.1                                                           ; --            ; DE2_115_SOPC_id_router_002               ; --         ;
; IP_TOOL_VERSION                     ; 11.1                                                           ; --            ; DE2_115_SOPC_id_router_003               ; --         ;
; IP_TOOL_VERSION                     ; 11.1                                                           ; --            ; DE2_115_SOPC_id_router_010               ; --         ;
; IP_TOOL_VERSION                     ; 11.1                                                           ; --            ; DE2_115_SOPC_irq_mapper                  ; --         ;
; IP_TOOL_VERSION                     ; 11.1                                                           ; --            ; DE2_115_SOPC_jtag_uart                   ; --         ;
; IP_TOOL_VERSION                     ; 11.1                                                           ; --            ; DE2_115_SOPC_key                         ; --         ;
; IP_TOOL_VERSION                     ; 11.1                                                           ; --            ; DE2_115_SOPC_lcd                         ; --         ;
; IP_TOOL_VERSION                     ; 11.1                                                           ; --            ; DE2_115_SOPC_ledg                        ; --         ;
; IP_TOOL_VERSION                     ; 11.1                                                           ; --            ; DE2_115_SOPC_ledr                        ; --         ;
; IP_TOOL_VERSION                     ; 11.1                                                           ; --            ; DE2_115_SOPC_pll                         ; --         ;
; IP_TOOL_VERSION                     ; 11.1                                                           ; --            ; DE2_115_SOPC_rsp_xbar_demux              ; --         ;
; IP_TOOL_VERSION                     ; 11.1                                                           ; --            ; DE2_115_SOPC_rsp_xbar_demux_003          ; --         ;
; IP_TOOL_VERSION                     ; 11.1                                                           ; --            ; DE2_115_SOPC_rsp_xbar_demux_010          ; --         ;
; IP_TOOL_VERSION                     ; 11.1                                                           ; --            ; DE2_115_SOPC_rsp_xbar_mux                ; --         ;
; IP_TOOL_VERSION                     ; 11.1                                                           ; --            ; DE2_115_SOPC_rsp_xbar_mux_001            ; --         ;
; IP_TOOL_VERSION                     ; 11.1                                                           ; --            ; DE2_115_SOPC_rsp_xbar_mux_002            ; --         ;
; IP_TOOL_VERSION                     ; 11.1                                                           ; --            ; DE2_115_SOPC_sdram                       ; --         ;
; IP_TOOL_VERSION                     ; 11.1                                                           ; --            ; DE2_115_SOPC_sma_in                      ; --         ;
; IP_TOOL_VERSION                     ; 11.1                                                           ; --            ; DE2_115_SOPC_sma_out                     ; --         ;
; IP_TOOL_VERSION                     ; 11.1                                                           ; --            ; DE2_115_SOPC_sw                          ; --         ;
; IP_TOOL_VERSION                     ; 11.1                                                           ; --            ; DE2_115_SOPC_sysid                       ; --         ;
; IP_TOOL_VERSION                     ; 11.1                                                           ; --            ; DE2_115_SOPC_timer                       ; --         ;
; IP_TOOL_VERSION                     ; 11.1                                                           ; --            ; DE2_115_SOPC_timer_stamp                 ; --         ;
; IP_TOOL_VERSION                     ; 11.1                                                           ; --            ; altera_avalon_mm_clock_crossing_bridge   ; --         ;
; IP_TOOL_VERSION                     ; 11.1                                                           ; --            ; altera_avalon_sc_fifo                    ; --         ;
; IP_TOOL_VERSION                     ; 11.1                                                           ; --            ; altera_avalon_st_handshake_clock_crosser ; --         ;
; IP_TOOL_VERSION                     ; 11.1                                                           ; --            ; altera_irq_clock_crosser                 ; --         ;
; IP_TOOL_VERSION                     ; 11.1                                                           ; --            ; altera_merlin_burst_adapter              ; --         ;
; IP_TOOL_VERSION                     ; 11.1                                                           ; --            ; altera_merlin_master_agent               ; --         ;
; IP_TOOL_VERSION                     ; 11.1                                                           ; --            ; altera_merlin_master_translator          ; --         ;
; IP_TOOL_VERSION                     ; 11.1                                                           ; --            ; altera_merlin_slave_agent                ; --         ;
; IP_TOOL_VERSION                     ; 11.1                                                           ; --            ; altera_merlin_slave_translator           ; --         ;
; IP_TOOL_VERSION                     ; 11.1                                                           ; --            ; altera_merlin_traffic_limiter            ; --         ;
; IP_TOOL_VERSION                     ; 11.1                                                           ; --            ; altera_merlin_width_adapter              ; --         ;
; IP_TOOL_VERSION                     ; 11.1                                                           ; --            ; altera_reset_controller                  ; --         ;
; MAX_CORE_JUNCTION_TEMP              ; 85                                                             ; --            ; --                                       ; --         ;
; MIN_CORE_JUNCTION_TEMP              ; 0                                                              ; --            ; --                                       ; --         ;
; MISC_FILE                           ; DE2_115_SOPC/synthesis/../../DE2_115_SOPC.sopcinfo             ; --            ; --                                       ; --         ;
; MISC_FILE                           ; DE2_115_SOPC/synthesis/../../DE2_115_SOPC.qsys                 ; --            ; --                                       ; --         ;
; MISC_FILE                           ; DE2_115_NIOS_HOST_MOUSE_VGA.dpf                                ; --            ; --                                       ; --         ;
; NUM_PARALLEL_PROCESSORS             ; 2                                                              ; --            ; --                                       ; --         ;
; PARTITION_COLOR                     ; 16764057                                                       ; --            ; --                                       ; Top        ;
; PARTITION_FITTER_PRESERVATION_LEVEL ; PLACEMENT_AND_ROUTING                                          ; --            ; --                                       ; Top        ;
; PARTITION_NETLIST_TYPE              ; SOURCE                                                         ; --            ; --                                       ; Top        ;
; POWER_BOARD_THERMAL_MODEL           ; None (CONSERVATIVE)                                            ; --            ; --                                       ; --         ;
; POWER_PRESET_COOLING_SOLUTION       ; 23 MM HEAT SINK WITH 200 LFPM AIRFLOW                          ; --            ; --                                       ; --         ;
; SLD_INFO                            ; QSYS_NAME DE2_115_SOPC HAS_SOPCINFO 1 GENERATION_ID 1354258592 ; --            ; DE2_115_SOPC                             ; --         ;
; SMART_RECOMPILE                     ; On                                                             ; Off           ; --                                       ; --         ;
+-------------------------------------+----------------------------------------------------------------+---------------+------------------------------------------+------------+


+-------------------------------------------------------------------------------------------------------------------------------+
; Flow Elapsed Time                                                                                                             ;
+---------------------------+--------------+-------------------------+---------------------+------------------------------------+
; Module Name               ; Elapsed Time ; Average Processors Used ; Peak Virtual Memory ; Total CPU Time (on all processors) ;
+---------------------------+--------------+-------------------------+---------------------+------------------------------------+
; Analysis & Synthesis      ; 00:01:25     ; 1.0                     ; 793 MB              ; 00:01:16                           ;
; Fitter                    ; 00:02:19     ; 1.3                     ; 1221 MB             ; 00:02:49                           ;
; Assembler                 ; 00:00:11     ; 1.0                     ; 535 MB              ; 00:00:10                           ;
; TimeQuest Timing Analyzer ; 00:00:22     ; 1.0                     ; 772 MB              ; 00:00:22                           ;
; Total                     ; 00:04:17     ; --                      ; --                  ; 00:04:37                           ;
+---------------------------+--------------+-------------------------+---------------------+------------------------------------+


+----------------------------------------------------------------------------------------+
; Flow OS Summary                                                                        ;
+---------------------------+------------------+-----------+------------+----------------+
; Module Name               ; Machine Hostname ; OS Name   ; OS Version ; Processor type ;
+---------------------------+------------------+-----------+------------+----------------+
; Analysis & Synthesis      ; Kevin-PC         ; Windows 7 ; 6.2        ; x86_64         ;
; Fitter                    ; Kevin-PC         ; Windows 7 ; 6.2        ; x86_64         ;
; Assembler                 ; Kevin-PC         ; Windows 7 ; 6.2        ; x86_64         ;
; TimeQuest Timing Analyzer ; Kevin-PC         ; Windows 7 ; 6.2        ; x86_64         ;
+---------------------------+------------------+-----------+------------+----------------+


------------
; Flow Log ;
------------
quartus_map --read_settings_files=on --write_settings_files=off DE2_115_NIOS_HOST_MOUSE_VGA -c DE2_115_NIOS_HOST_MOUSE_VGA
quartus_fit --read_settings_files=off --write_settings_files=off DE2_115_NIOS_HOST_MOUSE_VGA -c DE2_115_NIOS_HOST_MOUSE_VGA
quartus_asm --read_settings_files=off --write_settings_files=off DE2_115_NIOS_HOST_MOUSE_VGA -c DE2_115_NIOS_HOST_MOUSE_VGA
quartus_sta DE2_115_NIOS_HOST_MOUSE_VGA -c DE2_115_NIOS_HOST_MOUSE_VGA



